<?xml version="1.0" encoding="utf-8" standalone="no"?>
<!--This file represents the results of running a test suite-->
<test-results name="C:\NMarupaka\Github\Tennis-Refactoring-Kata\csharp\bin\Debug\Tennis.dll" total="1" errors="0" failures="0" not-run="0" inconclusive="0" ignored="0" skipped="0" invalid="0" date="2016-02-29" time="23:59:35">
  <environment nunit-version="2.6.4.14350" clr-version="2.0.50727.8009" os-version="Microsoft Windows NT 6.2.9200.0" platform="Win32NT" cwd="C:\Program Files (x86)\NUnit 2.6.4\bin" machine-name="TSPC009" user="nmarupaka" user-domain="TS" />
  <culture-info current-culture="en-US" current-uiculture="en-US" />
  <test-suite type="Assembly" name="C:\NMarupaka\Github\Tennis-Refactoring-Kata\csharp\bin\Debug\Tennis.dll" executed="True" result="Success" success="True" time="0.024" asserts="0">
    <results>
      <test-suite type="Namespace" name="Tennis" executed="True" result="Success" success="True" time="0.019" asserts="0">
        <results>
          <test-suite type="ParameterizedFixture" name="TennisTest" executed="True" result="Success" success="True" time="0.019" asserts="0">
            <results>
              <test-suite type="TestFixture" name="TennisTest(0,0,&quot;Love-All&quot;)" executed="True" result="Success" success="True" time="0.018" asserts="0">
                <results>
                  <test-case name="Tennis.TennisTest(0,0,&quot;Love-All&quot;).checkTennisGame1" executed="True" result="Success" success="True" time="0.013" asserts="1" />
                </results>
              </test-suite>
            </results>
          </test-suite>
        </results>
      </test-suite>
    </results>
  </test-suite>
</test-results>